[ 2018-09-22T19:51:44+08:00 ] 127.0.0.1 127.0.0.1 GET /
[ log ] web.zhaoche.com/ [运行时间：0.056089s][吞吐率：17.83req/s] [内存消耗：2,822.36kb] [文件加载：60]
[ info ] [ LANG ] /Applications/XAMPP/xamppfiles/apache2/htdocs/TPshop/thinkphp/lang/zh-cn.php
[ info ] [ LANG ] /Applications/XAMPP/xamppfiles/apache2/htdocs/TPshop/application/lang/zh-cn.php
[ info ] [ ROUTE ] array (
  'type' => 'module',
  'module' => 
  array (
    0 => '',
    1 => NULL,
    2 => NULL,
  ),
)
[ info ] [ HEADER ] array (
  'host' => 'web.zhaoche.com',
  'connection' => 'keep-alive',
  'cache-control' => 'max-age=0',
  'upgrade-insecure-requests' => '1',
  'user-agent' => 'Mozilla/5.0 (Macintosh; Intel Mac OS X 10_12_6) AppleWebKit/537.36 (KHTML, like Gecko) Chrome/69.0.3497.100 Safari/537.36',
  'accept' => 'text/html,application/xhtml+xml,application/xml;q=0.9,image/webp,image/apng,*/*;q=0.8',
  'accept-encoding' => 'gzip, deflate',
  'accept-language' => 'zh-CN,zh;q=0.9',
  'cookie' => 'mstuid=1521250079339_1189; PHPSESSID=d80dm5hbgh8a0cs6m9g6vv6pc3; cn=0; pgv_pvi=9898390528; pgv_si=s1069168640',
)
[ info ] [ PARAM ] array (
)
[ info ] [ LANG ] /Applications/XAMPP/xamppfiles/apache2/htdocs/TPshop/application/home/lang/zh-cn.php
[ info ] [ CACHE ] INIT File
[ info ] [ DB ] INIT mysql
[ info ] [ LOG ] INIT File
[ error ] [1045]SQLSTATE[HY000] [1045] Access denied for user 'aiche'@'localhost' (using password: YES)[/Applications/XAMPP/xamppfiles/apache2/htdocs/TPshop/thinkphp/library/think/db/Connection.php:300]

---------------------------------------------------------------
